<?xml version="1.0" encoding="UTF-8"?>
<!-- Generated by org.testng.reporters.JUnitReportReporter -->
<testsuite hostname="Dhee" failures="0" tests="1" name="com.nebula.testcases.StockInTest" time="21.627" errors="0" timestamp="2023-07-19T07:47:38 IST" skipped="0">
  <testcase classname="com.nebula.testcases.StockInTest" name="newStockGeneral" time="21.627"/>
  <system-out>
    <![CDATA[Navigated To StockIn/Purchase Details
Barcode generated successfully
Navigated To Product Registry - HO
Barcode Qty is : 195
Purchase entry Saved Successfully
Barcode generated successfully!
Navigated To Product Registry - HO
Barcode Qty is : 207]]>
  </system-out>
</testsuite> <!-- com.nebula.testcases.StockInTest -->
