<?xml version="1.0" encoding="UTF-8"?>
<!-- Generated by org.testng.reporters.JUnitReportReporter -->
<testsuite hostname="Dhee" failures="0" tests="3" name="com.nebula.testcases.LoginTest" time="22.346" errors="0" timestamp="2023-07-19T07:47:38 IST" skipped="0">
  <testcase classname="com.nebula.testcases.LoginTest" name="verifyLoginWithValidCredentials" time="8.546"/>
  <system-out/>
  <testcase classname="com.nebula.testcases.LoginTest" name="verifyLoginWithNoCredentials" time="7.370"/>
  <system-out/>
  <testcase classname="com.nebula.testcases.LoginTest" name="verifyLoginWithInvalidCredentials" time="6.430"/>
  <system-out/>
</testsuite> <!-- com.nebula.testcases.LoginTest -->
